--- Copying all files to /root/.m2 at Thu Nov 14 14:46:12 UTC 2024
‘./settings-docker.xml’ -> ‘/root/.m2/./settings-docker.xml’

--- Copying individual files to /root/.m2 at Thu Nov 14 15:49:27 UTC 2024

--- Copying individual files to /root/.m2 at Thu Nov 14 15:50:23 UTC 2024

--- Copying individual files to /root/.m2 at Thu Nov 14 16:09:21 UTC 2024

--- Copying individual files to /root/.m2 at Thu Nov 14 16:09:45 UTC 2024

--- Copying individual files to /root/.m2 at Thu Nov 14 16:15:00 UTC 2024

--- Copying individual files to /root/.m2 at Mon Dec  2 09:30:28 UTC 2024

--- Copying individual files to /root/.m2 at Mon Dec  2 09:34:50 UTC 2024

--- Copying individual files to /root/.m2 at Mon Dec  2 10:03:01 UTC 2024

--- Copying individual files to /root/.m2 at Mon Dec  2 10:03:32 UTC 2024

--- Copying individual files to /root/.m2 at Mon Dec  2 10:04:34 UTC 2024

--- Copying individual files to /root/.m2 at Mon Dec  2 10:04:39 UTC 2024

--- Copying individual files to /root/.m2 at Mon Dec  2 10:09:56 UTC 2024

--- Copying individual files to /root/.m2 at Mon Dec  2 10:10:05 UTC 2024

--- Copying individual files to /root/.m2 at Mon Dec  2 10:15:11 UTC 2024

--- Copying individual files to /root/.m2 at Mon Dec  2 10:15:20 UTC 2024

--- Copying individual files to /root/.m2 at Mon Dec  2 10:22:46 UTC 2024

--- Copying individual files to /root/.m2 at Mon Dec  2 10:22:57 UTC 2024

--- Copying individual files to /root/.m2 at Mon Dec  2 10:26:55 UTC 2024

--- Copying individual files to /root/.m2 at Mon Dec  2 10:27:09 UTC 2024

--- Copying individual files to /root/.m2 at Mon Dec  2 10:30:34 UTC 2024

--- Copying individual files to /root/.m2 at Mon Dec  2 10:36:38 UTC 2024

--- Copying individual files to /root/.m2 at Mon Dec  2 11:20:18 UTC 2024

--- Copying individual files to /root/.m2 at Mon Dec  2 11:20:38 UTC 2024

--- Copying individual files to /root/.m2 at Mon Dec  2 13:42:11 UTC 2024

--- Copying individual files to /root/.m2 at Mon Dec  2 13:45:42 UTC 2024

--- Copying individual files to /root/.m2 at Mon Dec  2 13:45:48 UTC 2024

--- Copying individual files to /root/.m2 at Mon Dec  2 13:54:28 UTC 2024

--- Copying individual files to /root/.m2 at Mon Dec  2 13:54:35 UTC 2024

--- Copying individual files to /root/.m2 at Mon Dec  2 14:04:47 UTC 2024

--- Copying individual files to /root/.m2 at Mon Dec  2 14:04:53 UTC 2024

--- Copying individual files to /root/.m2 at Fri Dec  6 20:06:52 UTC 2024

--- Copying individual files to /root/.m2 at Fri Dec  6 20:06:58 UTC 2024

--- Copying individual files to /root/.m2 at Fri Dec  6 20:07:09 UTC 2024

--- Copying individual files to /root/.m2 at Fri Dec  6 20:08:53 UTC 2024

--- Copying individual files to /root/.m2 at Fri Dec  6 20:09:53 UTC 2024

--- Copying individual files to /root/.m2 at Fri Dec  6 20:11:02 UTC 2024

--- Copying individual files to /root/.m2 at Fri Dec  6 20:16:27 UTC 2024

--- Copying individual files to /root/.m2 at Fri Dec  6 20:22:17 UTC 2024

--- Copying individual files to /root/.m2 at Fri Dec  6 20:48:26 UTC 2024

--- Copying individual files to /root/.m2 at Fri Dec  6 21:13:40 UTC 2024

--- Copying individual files to /root/.m2 at Fri Dec  6 21:16:37 UTC 2024

